[0m[[0m[0mdebug[0m] [0m[0m> Exec(run data, Some(8bd26202-d25c-4eac-9819-56c9de184af6), Some(CommandSource(console0)))[0m
[0m[[0m[0mdebug[0m] [0m[0mEvaluating tasks: Compile / run[0m
[0m[[0m[0mdebug[0m] [0m[0mRunning task... Cancel: Signal, check cycles: false, forcegc: true[0m
[0m[[0m[31merror[0m] [0m[0mjava.lang.ClassNotFoundException: SensorStatisticsTask[0m
[0m[[0m[31merror[0m] [0m[0m	at java.net.URLClassLoader.findClass(URLClassLoader.java:387)[0m
[0m[[0m[31merror[0m] [0m[0m	at sbt.internal.ManagedClassLoader.findClass(ManagedClassLoader.java:103)[0m
[0m[[0m[31merror[0m] [0m[0m	at java.lang.ClassLoader.loadClass(ClassLoader.java:418)[0m
[0m[[0m[31merror[0m] [0m[0m	at java.lang.ClassLoader.loadClass(ClassLoader.java:351)[0m
[0m[[0m[31merror[0m] [0m[0m	at java.lang.Class.forName0(Native Method)[0m
[0m[[0m[31merror[0m] [0m[0m	at java.lang.Class.forName(Class.java:348)[0m
[0m[[0m[31merror[0m] [0m[0m	at sbt.Run.getMainMethod(Run.scala:161)[0m
[0m[[0m[31merror[0m] [0m[0m	at sbt.Run.execute$1(Run.scala:93)[0m
[0m[[0m[31merror[0m] [0m[0m	at sbt.Run.$anonfun$runWithLoader$5(Run.scala:121)[0m
[0m[[0m[31merror[0m] [0m[0m	at sbt.Run$.executeSuccess(Run.scala:187)[0m
[0m[[0m[31merror[0m] [0m[0m	at sbt.Run.runWithLoader(Run.scala:121)[0m
[0m[[0m[31merror[0m] [0m[0m	at sbt.Defaults$.$anonfun$bgRunTask$6(Defaults.scala:1988)[0m
[0m[[0m[31merror[0m] [0m[0m	at sbt.Defaults$.$anonfun$termWrapper$2(Defaults.scala:1927)[0m
[0m[[0m[31merror[0m] [0m[0m	at scala.runtime.java8.JFunction0$mcV$sp.apply(JFunction0$mcV$sp.java:23)[0m
[0m[[0m[31merror[0m] [0m[0m	at scala.util.Try$.apply(Try.scala:213)[0m
[0m[[0m[31merror[0m] [0m[0m	at sbt.internal.BackgroundThreadPool$BackgroundRunnable.run(DefaultBackgroundJobService.scala:367)[0m
[0m[[0m[31merror[0m] [0m[0m	at java.util.concurrent.ThreadPoolExecutor.runWorker(ThreadPoolExecutor.java:1149)[0m
[0m[[0m[31merror[0m] [0m[0m	at java.util.concurrent.ThreadPoolExecutor$Worker.run(ThreadPoolExecutor.java:624)[0m
[0m[[0m[31merror[0m] [0m[0m	at java.lang.Thread.run(Thread.java:750)[0m
[0m[[0m[31merror[0m] [0m[0m(Compile / [31mrun[0m) java.lang.ClassNotFoundException: SensorStatisticsTask[0m
[0m[[0m[31merror[0m] [0m[0mTotal time: 0 s, completed 21 Sep, 2023 1:03:19 PM[0m
[0m[[0m[0mdebug[0m] [0m[0m> Exec(shell, None, None)[0m
[0m[[0m[0minfo[0m] [0m[0mshutting down sbt server[0m
